[2014.02.21 16:29:49.180]|[DEBUG]|[com.zhuyuhua.myspring.service.LoginService.showLogin(28)]:com.zhuyuhua.myspring.service.LoginService@6d43df48
[2014.02.21 16:29:49.182]|[DEBUG]|[com.zhuyuhua.myspring.service.UserService.callUser(31)]:==
[2014.02.21 16:52:48.733]|[DEBUG]|[com.zhuyuhua.myspring.service.LoginService.showLogin(28)]:com.zhuyuhua.myspring.service.LoginService@25e29e5
[2014.02.21 16:52:48.734]|[DEBUG]|[com.zhuyuhua.myspring.service.UserService.callUser(31)]:==
[2014.02.25 11:33:50.449]|[DEBUG]|[com.zhuyuhua.myspring.service.LoginService.showLogin(28)]:com.zhuyuhua.myspring.service.LoginService@25e29e5
[2014.02.25 11:33:50.450]|[DEBUG]|[com.zhuyuhua.myspring.service.UserService.callUser(31)]:==
[2014.02.26 15:19:50.358]|[DEBUG]|[com.zhuyuhua.myspring.service.LoginService.showLogin(28)]:com.zhuyuhua.myspring.service.LoginService@36dbb0f7
[2014.02.26 15:19:50.360]|[DEBUG]|[com.zhuyuhua.myspring.service.UserService.callUser(46)]:==
[2014.02.26 15:21:20.570]|[DEBUG]|[com.zhuyuhua.myspring.dao.impl.UserDAOImpl.save(28)]:user saved!
[2014.02.26 15:21:20.571]|[DEBUG]|[com.zhuyuhua.myspring.dao.impl.UserDAOImpl.save(29)]:session factory class:class org.hibernate.internal.SessionFactoryImpl
[2014.02.26 15:22:28.654]|[DEBUG]|[com.zhuyuhua.myspring.dao.impl.UserDAOImpl.save(28)]:User [id=0, userName=11, password=password]
[2014.02.26 15:39:19.045]|[DEBUG]|[com.zhuyuhua.myspring.dao.impl.UserDAOImpl.save(28)]:User [id=0, userName=11, password=password]
[2014.02.27 11:24:02.152]|[DEBUG]|[com.zhuyuhua.myspring.dao.impl.UserDAOImpl.save(28)]:User [id=0, userName=11, password=password]
[2014.02.27 14:26:50.768]|[DEBUG]|[com.zhuyuhua.myspring.dao.impl.UserDAOImpl.save(29)]:User [id=0, userName=11, password=password]
[2014.02.27 14:34:43.752]|[DEBUG]|[com.zhuyuhua.myspring.dao.impl.UserDAOImpl.save(29)]:User [id=0, userName=11, password=password]
[2014.02.27 14:35:07.636]|[DEBUG]|[com.zhuyuhua.myspring.dao.impl.UserDAOImpl.save(29)]:User [id=0, userName=11, password=password]
[2014.02.27 15:22:44.314]|[DEBUG]|[com.zhuyuhua.myspring.dao.impl.UserDAOImpl.save(28)]:User [id=0, userName=11, password=password]
[2014.02.27 15:26:41.242]|[DEBUG]|[com.zhuyuhua.myspring.dao.impl.UserDAOImpl.save(28)]:User [id=0, userName=11, password=password]
[2014.02.27 15:31:24.018]|[DEBUG]|[com.zhuyuhua.myspring.dao.impl.UserDAOImpl.save(28)]:User [id=0, userName=11, password=password]
[2014.02.27 15:32:23.343]|[DEBUG]|[com.zhuyuhua.myspring.dao.impl.UserDAOImpl.save(28)]:User [id=0, userName=11, password=password]
[2014.02.27 16:04:04.233]|[DEBUG]|[com.zhuyuhua.myspring.dao.impl.UserDAOImpl.save(28)]:User [id=0, userName=11, password=password]
[2014.02.28 11:11:46.549]|[DEBUG]|[com.zhuyuhua.myspring.dao.impl.UserDAOImpl.save(28)]:User [id=0, userName=123, password=password]
[2014.02.28 11:11:46.660]|[DEBUG]|[com.zhuyuhua.myspring.dao.impl.LogInfoDAOImpl.save(28)]:Log [id=0, msg=add user:name=123]
[2014.02.28 11:17:42.348]|[DEBUG]|[com.zhuyuhua.myspring.dao.impl.UserDAOImpl.save(28)]:User [id=0, userName=123, password=password]
[2014.02.28 11:17:42.471]|[DEBUG]|[com.zhuyuhua.myspring.dao.impl.LogInfoDAOImpl.save(28)]:Log [id=0, msg=add user:name=123]
[2014.02.28 11:17:56.437]|[DEBUG]|[com.zhuyuhua.myspring.dao.impl.UserDAOImpl.save(28)]:User [id=0, userName=123, password=password]
[2014.02.28 11:17:56.565]|[DEBUG]|[com.zhuyuhua.myspring.dao.impl.LogInfoDAOImpl.save(28)]:Log [id=0, msg=add user:name=123]
[2014.02.28 11:19:45.543]|[DEBUG]|[com.zhuyuhua.myspring.dao.impl.UserDAOImpl.save(28)]:User [id=0, userName=111, password=password]
[2014.02.28 11:19:45.668]|[DEBUG]|[com.zhuyuhua.myspring.dao.impl.LogInfoDAOImpl.save(27)]:Log [id=0, msg=add user:name=111]
[2014.02.28 11:20:17.668]|[DEBUG]|[com.zhuyuhua.myspring.dao.impl.UserDAOImpl.save(28)]:User [id=0, userName=222, password=password]
[2014.02.28 11:20:17.798]|[DEBUG]|[com.zhuyuhua.myspring.dao.impl.LogInfoDAOImpl.save(27)]:Log [id=0, msg=add user:name=222]
[2014.02.28 13:59:37.355]|[DEBUG]|[com.zhuyuhua.myspring.dao.impl.UserDAOImpl.save(28)]:User [id=0, userName=222, password=password]
[2014.02.28 13:59:37.477]|[DEBUG]|[com.zhuyuhua.myspring.dao.impl.LogInfoDAOImpl.save(27)]:Log [id=0, msg=add user:name=222]
[2014.02.28 13:59:49.703]|[DEBUG]|[com.zhuyuhua.myspring.dao.impl.UserDAOImpl.save(28)]:User [id=0, userName=333, password=password]
[2014.02.28 13:59:49.829]|[DEBUG]|[com.zhuyuhua.myspring.dao.impl.LogInfoDAOImpl.save(27)]:Log [id=0, msg=add user:name=333]
[2014.02.28 14:01:43.841]|[DEBUG]|[com.zhuyuhua.myspring.dao.impl.UserDAOImpl.save(28)]:User [id=0, userName=333, password=password]
[2014.02.28 14:01:52.376]|[DEBUG]|[com.zhuyuhua.myspring.dao.impl.LogInfoDAOImpl.save(27)]:Log [id=0, msg=add user:name=333]
[2014.02.28 14:04:13.491]|[DEBUG]|[com.zhuyuhua.myspring.dao.impl.UserDAOImpl.save(28)]:User [id=0, userName=333, password=password]
[2014.02.28 14:04:13.653]|[DEBUG]|[com.zhuyuhua.myspring.dao.impl.LogInfoDAOImpl.save(28)]:Log [id=0, msg=add user:name=333]
[2014.02.28 14:04:26.047]|[DEBUG]|[com.zhuyuhua.myspring.dao.impl.UserDAOImpl.save(28)]:User [id=0, userName=333, password=password]
[2014.02.28 14:04:26.176]|[DEBUG]|[com.zhuyuhua.myspring.dao.impl.LogInfoDAOImpl.save(28)]:Log [id=0, msg=add user:name=333]
[2014.02.28 14:04:39.229]|[DEBUG]|[com.zhuyuhua.myspring.dao.impl.UserDAOImpl.save(28)]:User [id=0, userName=333, password=password]
[2014.02.28 14:04:39.363]|[DEBUG]|[com.zhuyuhua.myspring.dao.impl.LogInfoDAOImpl.save(28)]:Log [id=0, msg=add user:name=333]
[2014.02.28 14:05:22.371]|[DEBUG]|[com.zhuyuhua.myspring.dao.impl.UserDAOImpl.save(28)]:User [id=0, userName=333, password=password]
[2014.02.28 14:05:30.556]|[DEBUG]|[com.zhuyuhua.myspring.dao.impl.LogInfoDAOImpl.save(28)]:Log [id=0, msg=add user:name=333]
[2014.02.28 14:43:33.038]|[DEBUG]|[com.zhuyuhua.myspring.dao.impl.UserDAOImpl.save(28)]:User [id=0, userName=333, password=password]
[2014.02.28 14:43:35.788]|[DEBUG]|[com.zhuyuhua.myspring.dao.impl.LogInfoDAOImpl.save(28)]:Log [id=0, msg=add user:name=333]
[2014.02.28 15:06:44.813]|[DEBUG]|[com.zhuyuhua.myspring.dao.impl.UserDAOImpl.save(28)]:User [id=0, userName=333, password=password]
[2014.02.28 15:06:44.987]|[DEBUG]|[com.zhuyuhua.myspring.dao.impl.LogInfoDAOImpl.save(28)]:Log [id=0, msg=add user:name=333]
[2014.02.28 15:10:10.862]|[DEBUG]|[com.zhuyuhua.myspring.dao.impl.UserDAOImpl.save(28)]:User [id=0, userName=333, password=password]
[2014.02.28 15:10:14.924]|[DEBUG]|[com.zhuyuhua.myspring.dao.impl.LogInfoDAOImpl.save(28)]:Log [id=0, msg=add user:name=333]
[2014.02.28 15:10:55.296]|[DEBUG]|[com.zhuyuhua.myspring.dao.impl.UserDAOImpl.save(28)]:User [id=0, userName=444, password=password]
[2014.02.28 15:10:55.428]|[DEBUG]|[com.zhuyuhua.myspring.dao.impl.LogInfoDAOImpl.save(28)]:Log [id=0, msg=add user:name=444]
[2014.02.28 15:16:59.359]|[DEBUG]|[com.zhuyuhua.myspring.dao.impl.UserDAOImpl.save(28)]:User [id=0, userName=555, password=password]
[2014.02.28 15:16:59.498]|[DEBUG]|[com.zhuyuhua.myspring.dao.impl.LogInfoDAOImpl.save(28)]:Log [id=0, msg=add user:name=555]
[2014.02.28 15:19:39.896]|[DEBUG]|[com.zhuyuhua.myspring.dao.impl.UserDAOImpl.save(28)]:User [id=0, userName=555, password=password]
[2014.02.28 15:19:40.042]|[DEBUG]|[com.zhuyuhua.myspring.dao.impl.LogInfoDAOImpl.save(28)]:Log [id=0, msg=add user:name=555]
[2014.02.28 15:20:47.194]|[DEBUG]|[com.zhuyuhua.myspring.dao.impl.UserDAOImpl.save(28)]:User [id=0, userName=555, password=password]
[2014.02.28 15:20:47.346]|[DEBUG]|[com.zhuyuhua.myspring.dao.impl.LogInfoDAOImpl.save(28)]:Log [id=0, msg=add user:name=555]
[2014.02.28 15:34:46.085]|[DEBUG]|[com.zhuyuhua.myspring.dao.impl.UserDAOImpl.save(28)]:User [id=0, userName=666, password=password]
[2014.02.28 15:34:46.273]|[DEBUG]|[com.zhuyuhua.myspring.dao.impl.LogInfoDAOImpl.save(24)]:Log [id=0, msg=add user:name=666]
[2014.02.28 15:35:40.801]|[DEBUG]|[com.zhuyuhua.myspring.dao.impl.UserDAOImpl.save(28)]:User [id=0, userName=777, password=password]
[2014.02.28 15:35:40.931]|[DEBUG]|[com.zhuyuhua.myspring.dao.impl.LogInfoDAOImpl.save(24)]:Log [id=0, msg=add user:name=777]
[2014.02.28 15:57:56.167]|[DEBUG]|[com.zhuyuhua.myspring.dao.impl.UserDAOImpl.save(28)]:User [id=0, userName=888, password=password]
[2014.02.28 16:02:16.908]|[DEBUG]|[com.zhuyuhua.myspring.dao.impl.UserDAOImpl.save(28)]:User [id=0, userName=888, password=password]
[2014.02.28 16:02:16.971]|[DEBUG]|[com.zhuyuhua.myspring.dao.impl.LogInfoDAOImpl.save(24)]:Log [id=0, msg=add user:name=888]
[2014.02.28 16:02:30.106]|[DEBUG]|[com.zhuyuhua.myspring.dao.impl.UserDAOImpl.save(28)]:User [id=0, userName=888, password=password]
[2014.02.28 16:02:30.168]|[DEBUG]|[com.zhuyuhua.myspring.dao.impl.LogInfoDAOImpl.save(24)]:Log [id=0, msg=add user:name=888]
[2014.02.28 16:02:55.005]|[DEBUG]|[com.zhuyuhua.myspring.dao.impl.UserDAOImpl.save(28)]:User [id=0, userName=888, password=password]
[2014.02.28 16:02:55.068]|[DEBUG]|[com.zhuyuhua.myspring.dao.impl.LogInfoDAOImpl.save(24)]:Log [id=0, msg=add user:name=888]
[2014.02.28 16:03:20.503]|[DEBUG]|[com.zhuyuhua.myspring.dao.impl.UserDAOImpl.save(28)]:User [id=0, userName=888, password=password]
[2014.02.28 16:03:20.567]|[DEBUG]|[com.zhuyuhua.myspring.dao.impl.LogInfoDAOImpl.save(24)]:Log [id=0, msg=add user:name=888]
[2014.02.28 16:03:31.820]|[DEBUG]|[com.zhuyuhua.myspring.dao.impl.UserDAOImpl.save(28)]:User [id=0, userName=888, password=password]
[2014.02.28 16:03:31.882]|[DEBUG]|[com.zhuyuhua.myspring.dao.impl.LogInfoDAOImpl.save(24)]:Log [id=0, msg=add user:name=888]
[2014.02.28 16:03:50.460]|[DEBUG]|[com.zhuyuhua.myspring.dao.impl.UserDAOImpl.save(28)]:User [id=0, userName=111, password=password]
[2014.02.28 16:03:50.524]|[DEBUG]|[com.zhuyuhua.myspring.dao.impl.LogInfoDAOImpl.save(24)]:Log [id=0, msg=add user:name=111]
[2014.02.28 16:07:50.682]|[DEBUG]|[com.zhuyuhua.myspring.dao.impl.UserDAOImpl.save(28)]:User [id=0, userName=111, password=password]
[2014.03.03 09:42:32.282]|[DEBUG]|[com.zhuyuhua.myspring.dao.impl.UserDAOImpl.save(28)]:User [id=0, userName=111, password=password]
[2014.03.03 10:36:14.890]|[DEBUG]|[com.zhuyuhua.myspring.dao.impl.UserDAOImpl.save(28)]:User [id=0, userName=111, password=password]
[2014.03.03 10:37:41.048]|[DEBUG]|[com.zhuyuhua.myspring.dao.impl.UserDAOImpl.save(28)]:User [id=0, userName=111, password=password]
[2014.03.03 10:37:48.408]|[DEBUG]|[com.zhuyuhua.myspring.dao.impl.UserDAOImpl.save(28)]:User [id=0, userName=111, password=password]
[2014.03.03 10:42:28.583]|[DEBUG]|[com.zhuyuhua.myspring.dao.impl.UserDAOImpl.save(28)]:User [id=0, userName=111, password=password]
[2014.03.03 10:43:03.771]|[DEBUG]|[com.zhuyuhua.myspring.dao.impl.UserDAOImpl.save(28)]:User [id=0, userName=111, password=password]
[2014.03.03 14:17:01.879]|[DEBUG]|[com.zhuyuhua.myspring.dao.impl.UserDAOImpl.save(28)]:User [id=0, userName=121, password=password]
